<?xml version="1.0" encoding="UTF-8"?>
<testng-results skipped="0" failed="1" ignored="0" total="3" passed="2">
  <reporter-output>
  </reporter-output>
  <suite name="DemoBlaze Suite" duration-ms="26772" started-at="2025-04-05T09:27:58 IST" finished-at="2025-04-05T09:28:25 IST">
    <groups>
    </groups>
    <test name="Login Test" duration-ms="22704" started-at="2025-04-05T09:27:58 IST" finished-at="2025-04-05T09:28:21 IST">
      <class name="com.demoblaze.tests.LoginTest">
        <test-method status="PASS" signature="initPages()[pri:0, instance:com.demoblaze.tests.LoginTest@72cde7cc]" name="initPages" is-config="true" duration-ms="8" started-at="2025-04-05T09:27:58 IST" finished-at="2025-04-05T09:27:58 IST">
          <reporter-output>
          </reporter-output>
        </test-method> <!-- initPages -->
        <test-method status="PASS" signature="setupExtentReportTest(org.testng.ITestResult)[pri:0, instance:com.demoblaze.tests.LoginTest@72cde7cc]" name="setupExtentReportTest" is-config="true" duration-ms="40" started-at="2025-04-05T09:27:58 IST" finished-at="2025-04-05T09:27:58 IST">
          <params>
            <param index="0">
              <value>
                <![CDATA[[TestResult name={null} status=CREATED method=LoginTest.validLoginTest()[pri:0, instance:com.demoblaze.tests.LoginTest@72cde7cc] output={null}]]]>
              </value>
            </param>
          </params>
          <reporter-output>
          </reporter-output>
        </test-method> <!-- setupExtentReportTest -->
        <test-method status="PASS" signature="initPages1()[pri:0, instance:com.demoblaze.tests.LoginTest@72cde7cc]" name="initPages1" is-config="true" duration-ms="9" started-at="2025-04-05T09:27:58 IST" finished-at="2025-04-05T09:27:58 IST">
          <reporter-output>
          </reporter-output>
        </test-method> <!-- initPages1 -->
        <test-method status="PASS" signature="validLoginTest()[pri:0, instance:com.demoblaze.tests.LoginTest@72cde7cc]" name="validLoginTest" duration-ms="7841" started-at="2025-04-05T09:27:58 IST" description="Valid Login with user validPassword" finished-at="2025-04-05T09:28:06 IST">
          <reporter-output>
          </reporter-output>
        </test-method> <!-- validLoginTest -->
        <test-method status="PASS" signature="screenshotCapture(org.testng.ITestResult)[pri:0, instance:com.demoblaze.tests.LoginTest@72cde7cc]" name="screenshotCapture" is-config="true" duration-ms="0" started-at="2025-04-05T09:28:06 IST" finished-at="2025-04-05T09:28:06 IST">
          <params>
            <param index="0">
              <value>
                <![CDATA[[TestResult name=validLoginTest status=SUCCESS method=LoginTest.validLoginTest()[pri:0, instance:com.demoblaze.tests.LoginTest@72cde7cc] output={null}]]]>
              </value>
            </param>
          </params>
          <reporter-output>
          </reporter-output>
        </test-method> <!-- screenshotCapture -->
        <test-method status="PASS" signature="setupExtentReportTest(org.testng.ITestResult)[pri:0, instance:com.demoblaze.tests.LoginTest@72cde7cc]" name="setupExtentReportTest" is-config="true" duration-ms="0" started-at="2025-04-05T09:28:06 IST" finished-at="2025-04-05T09:28:06 IST">
          <params>
            <param index="0">
              <value>
                <![CDATA[[TestResult name={null} status=CREATED method=LoginTest.invalidLoginTest()[pri:2, instance:com.demoblaze.tests.LoginTest@72cde7cc] output={null}]]]>
              </value>
            </param>
          </params>
          <reporter-output>
          </reporter-output>
        </test-method> <!-- setupExtentReportTest -->
        <test-method status="FAIL" signature="invalidLoginTest()[pri:2, instance:com.demoblaze.tests.LoginTest@72cde7cc]" name="invalidLoginTest" duration-ms="12090" started-at="2025-04-05T09:28:06 IST" description="Invalid Login with user invalidPassword" finished-at="2025-04-05T09:28:18 IST">
          <exception class="java.lang.AssertionError">
            <message>
              <![CDATA[Login should fail expected [false] but found [true]]]>
            </message>
            <full-stacktrace>
              <![CDATA[java.lang.AssertionError: Login should fail expected [false] but found [true]
at org.testng.Assert.fail(Assert.java:99)
at org.testng.Assert.failNotEquals(Assert.java:1037)
at org.testng.Assert.assertFalse(Assert.java:67)
at com.demoblaze.tests.LoginTest.invalidLoginTest(LoginTest.java:53)
at sun.reflect.NativeMethodAccessorImpl.invoke0(Native Method)
at sun.reflect.NativeMethodAccessorImpl.invoke(Unknown Source)
at sun.reflect.DelegatingMethodAccessorImpl.invoke(Unknown Source)
at java.lang.reflect.Method.invoke(Unknown Source)
at org.testng.internal.MethodInvocationHelper.invokeMethod(MethodInvocationHelper.java:133)
at org.testng.internal.TestInvoker.invokeMethod(TestInvoker.java:598)
at org.testng.internal.TestInvoker.invokeTestMethod(TestInvoker.java:173)
at org.testng.internal.MethodRunner.runInSequence(MethodRunner.java:46)
at org.testng.internal.TestInvoker$MethodInvocationAgent.invoke(TestInvoker.java:824)
at org.testng.internal.TestInvoker.invokeTestMethods(TestInvoker.java:146)
at org.testng.internal.TestMethodWorker.invokeTestMethods(TestMethodWorker.java:146)
at org.testng.internal.TestMethodWorker.run(TestMethodWorker.java:128)
at java.util.ArrayList.forEach(Unknown Source)
at org.testng.TestRunner.privateRun(TestRunner.java:794)
at org.testng.TestRunner.run(TestRunner.java:596)
at org.testng.SuiteRunner.runTest(SuiteRunner.java:377)
at org.testng.SuiteRunner.runSequentially(SuiteRunner.java:371)
at org.testng.SuiteRunner.privateRun(SuiteRunner.java:332)
at org.testng.SuiteRunner.run(SuiteRunner.java:276)
at org.testng.SuiteRunnerWorker.runSuite(SuiteRunnerWorker.java:53)
at org.testng.SuiteRunnerWorker.run(SuiteRunnerWorker.java:96)
at org.testng.TestNG.runSuitesSequentially(TestNG.java:1212)
at org.testng.TestNG.runSuitesLocally(TestNG.java:1134)
at org.testng.TestNG.runSuites(TestNG.java:1063)
at org.testng.TestNG.run(TestNG.java:1031)
at org.testng.remote.AbstractRemoteTestNG.run(AbstractRemoteTestNG.java:115)
at org.testng.remote.RemoteTestNG.initAndRun(RemoteTestNG.java:251)
at org.testng.remote.RemoteTestNG.main(RemoteTestNG.java:77)
]]>
            </full-stacktrace>
          </exception> <!-- java.lang.AssertionError -->
          <reporter-output>
          </reporter-output>
        </test-method> <!-- invalidLoginTest -->
        <test-method status="PASS" signature="initPages1()[pri:0, instance:com.demoblaze.tests.LoginTest@72cde7cc]" name="initPages1" is-config="true" duration-ms="0" started-at="2025-04-05T09:28:06 IST" finished-at="2025-04-05T09:28:06 IST">
          <reporter-output>
          </reporter-output>
        </test-method> <!-- initPages1 -->
        <test-method status="PASS" signature="screenshotCapture(org.testng.ITestResult)[pri:0, instance:com.demoblaze.tests.LoginTest@72cde7cc]" name="screenshotCapture" is-config="true" duration-ms="2484" started-at="2025-04-05T09:28:18 IST" finished-at="2025-04-05T09:28:21 IST">
          <params>
            <param index="0">
              <value>
                <![CDATA[[TestResult name=invalidLoginTest status=FAILURE method=LoginTest.invalidLoginTest()[pri:2, instance:com.demoblaze.tests.LoginTest@72cde7cc] output={null}]]]>
              </value>
            </param>
          </params>
          <reporter-output>
          </reporter-output>
        </test-method> <!-- screenshotCapture -->
      </class> <!-- com.demoblaze.tests.LoginTest -->
    </test> <!-- Login Test -->
    <test name="Home Test" duration-ms="3947" started-at="2025-04-05T09:28:21 IST" finished-at="2025-04-05T09:28:25 IST">
      <class name="com.demoblaze.tests.HomeTest">
        <test-method status="PASS" signature="setup()[pri:0, instance:com.demoblaze.tests.HomeTest@37654521]" name="setup" is-config="true" duration-ms="28669" started-at="2025-04-05T09:27:29 IST" finished-at="2025-04-05T09:27:58 IST">
          <reporter-output>
          </reporter-output>
        </test-method> <!-- setup -->
        <test-method status="PASS" signature="initPages()[pri:0, instance:com.demoblaze.tests.HomeTest@37654521]" name="initPages" is-config="true" duration-ms="5" started-at="2025-04-05T09:28:21 IST" finished-at="2025-04-05T09:28:21 IST">
          <reporter-output>
          </reporter-output>
        </test-method> <!-- initPages -->
        <test-method status="PASS" signature="setupExtentReportTest(org.testng.ITestResult)[pri:0, instance:com.demoblaze.tests.HomeTest@37654521]" name="setupExtentReportTest" is-config="true" duration-ms="4" started-at="2025-04-05T09:28:21 IST" finished-at="2025-04-05T09:28:21 IST">
          <params>
            <param index="0">
              <value>
                <![CDATA[[TestResult name={null} status=CREATED method=HomeTest.selectProduct()[pri:0, instance:com.demoblaze.tests.HomeTest@37654521] output={null}]]]>
              </value>
            </param>
          </params>
          <reporter-output>
          </reporter-output>
        </test-method> <!-- setupExtentReportTest -->
        <test-method status="PASS" signature="initPages1()[pri:0, instance:com.demoblaze.tests.HomeTest@37654521]" name="initPages1" is-config="true" duration-ms="1" started-at="2025-04-05T09:28:21 IST" finished-at="2025-04-05T09:28:21 IST">
          <reporter-output>
          </reporter-output>
        </test-method> <!-- initPages1 -->
        <test-method status="PASS" signature="selectProduct()[pri:0, instance:com.demoblaze.tests.HomeTest@37654521]" name="selectProduct" duration-ms="3916" started-at="2025-04-05T09:28:21 IST" finished-at="2025-04-05T09:28:25 IST">
          <reporter-output>
          </reporter-output>
        </test-method> <!-- selectProduct -->
        <test-method status="PASS" signature="screenshotCapture(org.testng.ITestResult)[pri:0, instance:com.demoblaze.tests.HomeTest@37654521]" name="screenshotCapture" is-config="true" duration-ms="10" started-at="2025-04-05T09:28:25 IST" finished-at="2025-04-05T09:28:25 IST">
          <params>
            <param index="0">
              <value>
                <![CDATA[[TestResult name=selectProduct status=SUCCESS method=HomeTest.selectProduct()[pri:0, instance:com.demoblaze.tests.HomeTest@37654521] output={null}]]]>
              </value>
            </param>
          </params>
          <reporter-output>
          </reporter-output>
        </test-method> <!-- screenshotCapture -->
        <test-method status="PASS" signature="tearDown()[pri:0, instance:com.demoblaze.tests.HomeTest@37654521]" name="tearDown" is-config="true" duration-ms="5559" started-at="2025-04-05T09:28:25 IST" finished-at="2025-04-05T09:28:30 IST">
          <reporter-output>
          </reporter-output>
        </test-method> <!-- tearDown -->
      </class> <!-- com.demoblaze.tests.HomeTest -->
    </test> <!-- Home Test -->
  </suite> <!-- DemoBlaze Suite -->
</testng-results>
